<?xml version="1.0" encoding="UTF-8"?>
<!-- Generated by org.testng.reporters.JUnitReportReporter -->
<testsuite skipped="0" hostname="DESKTOP-CS733UO" name="basicpoi.PoIReadWrite" tests="1" failures="0" timestamp="2022-08-30T22:22:34 IST" time="2.897" errors="0">
  <testcase name="sfLoginVerification" time="2.897" classname="basicpoi.PoIReadWrite"/>
  <system-out/>
</testsuite> <!-- basicpoi.PoIReadWrite -->
