<?xml version="1.0" encoding="UTF-8"?>
<!-- Generated by org.testng.reporters.JUnitReportReporter -->
<testsuite skipped="1" hostname="DESKTOP-CS733UO" name="basicpoi.PoiExp1" tests="2" failures="0" timestamp="2022-08-30T21:31:57 IST" time="3.543" errors="0">
  <testcase name="loginSalesforce" time="3.543" classname="basicpoi.PoiExp1"/>
  <system-out/>
  <testcase name="readExcelData" classname="basicpoi.PoiExp1">
    <skipped/>
  </testcase> <!-- readExcelData -->
  <system-out/>
</testsuite> <!-- basicpoi.PoiExp1 -->
