<?xml version="1.0" encoding="UTF-8"?>
<!-- Generated by org.testng.reporters.JUnitReportReporter -->
<testsuite skipped="0" hostname="DESKTOP-CS733UO" name="basicpoi.ReadDataFromDB" tests="1" failures="0" timestamp="2022-09-01T12:37:59 IST" time="0.052" errors="0">
  <testcase name="geDBData" time="0.052" classname="basicpoi.ReadDataFromDB"/>
  <system-out/>
</testsuite> <!-- basicpoi.ReadDataFromDB -->
