<?xml version="1.0" encoding="UTF-8"?>
<!-- Generated by org.testng.reporters.JUnitReportReporter -->
<testsuite skipped="0" hostname="DESKTOP-CS733UO" name="basicpoi.PoIReadWrite" tests="1" failures="0" timestamp="2022-08-30T22:43:54 IST" time="6.710" errors="0">
  <testcase name="loginWithInvalidData" time="6.710" classname="basicpoi.PoIReadWrite"/>
  <system-out/>
</testsuite> <!-- basicpoi.PoIReadWrite -->
